2026-04-08 00:54:37,404 - pyswarms.single.global_best - INFO - Optimize for 10 iters with {'c1': 0.5, 'c2': 0.3, 'w': 0.9}
2026-04-21 20:47:38,873 - httpx - INFO - HTTP Request: HEAD https://huggingface.co/datasets/coastalchp/ledgar/resolve/main/README.md "HTTP/1.1 307 Temporary Redirect"
2026-04-21 20:47:38,940 - httpx - INFO - HTTP Request: HEAD https://huggingface.co/api/resolve-cache/datasets/coastalchp/ledgar/dba490024f739174d7ac7c4c55491b817faa5899/README.md "HTTP/1.1 200 OK"
2026-04-21 20:47:39,424 - httpx - INFO - HTTP Request: GET https://huggingface.co/api/resolve-cache/datasets/coastalchp/ledgar/dba490024f739174d7ac7c4c55491b817faa5899/README.md "HTTP/1.1 200 OK"
2026-04-21 20:47:39,706 - httpx - INFO - HTTP Request: HEAD https://huggingface.co/datasets/coastalchp/ledgar/resolve/dba490024f739174d7ac7c4c55491b817faa5899/ledgar.py "HTTP/1.1 404 Not Found"
2026-04-21 20:47:40,626 - httpx - INFO - HTTP Request: HEAD https://s3.amazonaws.com/datasets.huggingface.co/datasets/datasets/coastalchp/ledgar/coastalchp/ledgar.py "HTTP/1.1 404 Not Found"
2026-04-21 20:47:40,910 - httpx - INFO - HTTP Request: GET https://huggingface.co/api/datasets/coastalchp/ledgar/revision/dba490024f739174d7ac7c4c55491b817faa5899 "HTTP/1.1 200 OK"
2026-04-21 20:47:41,179 - httpx - INFO - HTTP Request: HEAD https://huggingface.co/datasets/coastalchp/ledgar/resolve/dba490024f739174d7ac7c4c55491b817faa5899/.huggingface.yaml "HTTP/1.1 404 Not Found"
2026-04-21 20:47:41,874 - httpx - INFO - HTTP Request: GET https://datasets-server.huggingface.co/info?dataset=coastalchp/ledgar "HTTP/1.1 200 OK"
2026-04-21 20:47:42,160 - httpx - INFO - HTTP Request: GET https://huggingface.co/api/datasets/coastalchp/ledgar/tree/dba490024f739174d7ac7c4c55491b817faa5899/data?recursive=true&expand=false "HTTP/1.1 200 OK"
2026-04-21 20:47:42,426 - httpx - INFO - HTTP Request: GET https://huggingface.co/api/datasets/coastalchp/ledgar/tree/dba490024f739174d7ac7c4c55491b817faa5899?recursive=false&expand=false "HTTP/1.1 200 OK"
2026-04-21 20:47:42,721 - httpx - INFO - HTTP Request: HEAD https://huggingface.co/datasets/coastalchp/ledgar/resolve/dba490024f739174d7ac7c4c55491b817faa5899/dataset_infos.json "HTTP/1.1 404 Not Found"
2026-04-21 20:47:42,722 - huggingface_hub.utils._http - WARNING - Warning: You are sending unauthenticated requests to the HF Hub. Please set a HF_TOKEN to enable higher rate limits and faster downloads.
2026-04-21 20:47:43,138 - httpx - INFO - HTTP Request: HEAD https://huggingface.co/datasets/coastalchp/ledgar/resolve/dba490024f739174d7ac7c4c55491b817faa5899/data/train-00000-of-00001.parquet "HTTP/1.1 302 Found"
2026-04-21 20:47:44,339 - httpx - INFO - HTTP Request: GET https://huggingface.co/api/datasets/coastalchp/ledgar/xet-read-token/dba490024f739174d7ac7c4c55491b817faa5899 "HTTP/1.1 200 OK"
2026-04-21 20:48:00,423 - httpx - INFO - HTTP Request: HEAD https://huggingface.co/datasets/coastalchp/ledgar/resolve/main/README.md "HTTP/1.1 307 Temporary Redirect"
2026-04-21 20:48:00,423 - huggingface_hub.utils._http - WARNING - Warning: You are sending unauthenticated requests to the HF Hub. Please set a HF_TOKEN to enable higher rate limits and faster downloads.
2026-04-21 20:48:00,446 - httpx - INFO - HTTP Request: HEAD https://huggingface.co/api/resolve-cache/datasets/coastalchp/ledgar/dba490024f739174d7ac7c4c55491b817faa5899/README.md "HTTP/1.1 200 OK"
2026-04-21 20:48:00,709 - httpx - INFO - HTTP Request: HEAD https://huggingface.co/datasets/coastalchp/ledgar/resolve/dba490024f739174d7ac7c4c55491b817faa5899/ledgar.py "HTTP/1.1 404 Not Found"
2026-04-21 20:48:01,603 - httpx - INFO - HTTP Request: HEAD https://s3.amazonaws.com/datasets.huggingface.co/datasets/datasets/coastalchp/ledgar/coastalchp/ledgar.py "HTTP/1.1 404 Not Found"
2026-04-21 20:48:01,880 - httpx - INFO - HTTP Request: GET https://huggingface.co/api/datasets/coastalchp/ledgar/revision/dba490024f739174d7ac7c4c55491b817faa5899 "HTTP/1.1 200 OK"
2026-04-21 20:48:02,172 - httpx - INFO - HTTP Request: HEAD https://huggingface.co/datasets/coastalchp/ledgar/resolve/dba490024f739174d7ac7c4c55491b817faa5899/.huggingface.yaml "HTTP/1.1 404 Not Found"
2026-04-21 20:48:02,539 - httpx - INFO - HTTP Request: GET https://datasets-server.huggingface.co/info?dataset=coastalchp/ledgar "HTTP/1.1 200 OK"
2026-04-21 20:48:02,860 - httpx - INFO - HTTP Request: GET https://huggingface.co/api/datasets/coastalchp/ledgar/tree/dba490024f739174d7ac7c4c55491b817faa5899/data?recursive=true&expand=false "HTTP/1.1 200 OK"
2026-04-21 20:48:03,125 - httpx - INFO - HTTP Request: GET https://huggingface.co/api/datasets/coastalchp/ledgar/tree/dba490024f739174d7ac7c4c55491b817faa5899?recursive=false&expand=false "HTTP/1.1 200 OK"
2026-04-21 20:48:03,406 - httpx - INFO - HTTP Request: HEAD https://huggingface.co/datasets/coastalchp/ledgar/resolve/dba490024f739174d7ac7c4c55491b817faa5899/dataset_infos.json "HTTP/1.1 404 Not Found"
2026-04-21 20:48:03,727 - httpx - INFO - HTTP Request: HEAD https://huggingface.co/datasets/coastalchp/ledgar/resolve/dba490024f739174d7ac7c4c55491b817faa5899/data/train-00000-of-00001.parquet "HTTP/1.1 302 Found"
2026-04-21 20:48:04,045 - httpx - INFO - HTTP Request: GET https://huggingface.co/api/datasets/coastalchp/ledgar/xet-read-token/dba490024f739174d7ac7c4c55491b817faa5899 "HTTP/1.1 200 OK"
2026-04-21 20:48:17,407 - httpx - INFO - HTTP Request: HEAD https://huggingface.co/datasets/coastalchp/ledgar/resolve/dba490024f739174d7ac7c4c55491b817faa5899/data/test-00000-of-00001.parquet "HTTP/1.1 302 Found"
2026-04-21 20:48:21,101 - httpx - INFO - HTTP Request: HEAD https://huggingface.co/datasets/coastalchp/ledgar/resolve/dba490024f739174d7ac7c4c55491b817faa5899/data/validation-00000-of-00001.parquet "HTTP/1.1 302 Found"
2026-04-21 21:07:21,198 - httpx - INFO - HTTP Request: HEAD https://huggingface.co/datasets/coastalchp/ledgar/resolve/main/README.md "HTTP/1.1 307 Temporary Redirect"
2026-04-21 21:07:21,221 - httpx - INFO - HTTP Request: HEAD https://huggingface.co/api/resolve-cache/datasets/coastalchp/ledgar/dba490024f739174d7ac7c4c55491b817faa5899/README.md "HTTP/1.1 200 OK"
2026-04-21 21:07:21,489 - httpx - INFO - HTTP Request: HEAD https://huggingface.co/datasets/coastalchp/ledgar/resolve/dba490024f739174d7ac7c4c55491b817faa5899/ledgar.py "HTTP/1.1 404 Not Found"
2026-04-21 21:07:22,377 - httpx - INFO - HTTP Request: HEAD https://s3.amazonaws.com/datasets.huggingface.co/datasets/datasets/coastalchp/ledgar/coastalchp/ledgar.py "HTTP/1.1 404 Not Found"
2026-04-21 21:07:22,660 - httpx - INFO - HTTP Request: HEAD https://huggingface.co/datasets/coastalchp/ledgar/resolve/dba490024f739174d7ac7c4c55491b817faa5899/.huggingface.yaml "HTTP/1.1 404 Not Found"
2026-04-21 21:07:23,059 - httpx - INFO - HTTP Request: GET https://datasets-server.huggingface.co/info?dataset=coastalchp/ledgar "HTTP/1.1 200 OK"
2026-04-21 21:07:23,373 - httpx - INFO - HTTP Request: HEAD https://huggingface.co/datasets/coastalchp/ledgar/resolve/dba490024f739174d7ac7c4c55491b817faa5899/dataset_infos.json "HTTP/1.1 404 Not Found"
2026-04-21 21:08:10,018 - pyswarms.single.global_best - INFO - Optimize for 15 iters with {'c1': 0.5, 'c2': 0.3, 'w': 0.9}
2026-04-21 21:42:31,147 - pyswarms.single.global_best - INFO - Optimization finished | best cost: -0.7447611193252837, best pos: [2.36615709e+00 4.90714115e+03]
